<?xml version="1.0" encoding="UTF-8"?>
<testsuite name="com.algaworks.algacomments.device.moderation.CommentsServiceApplicationTests" tests="1" skipped="0" failures="0" errors="0" timestamp="2025-06-18T21:21:53.550Z" hostname="efratec" time="1.34">
  <properties/>
  <testcase name="contextLoads()" classname="com.algaworks.algacomments.device.moderation.CommentsServiceApplicationTests" time="1.34"/>
  <system-out><![CDATA[18:21:50.135 [Test worker] INFO org.springframework.test.context.support.AnnotationConfigContextLoaderUtils -- Could not detect default configuration classes for test class [com.algaworks.algacomments.device.moderation.CommentsServiceApplicationTests]: CommentsServiceApplicationTests does not declare any static, non-private, non-final, nested classes annotated with @Configuration.
18:21:50.282 [Test worker] INFO org.springframework.boot.test.context.SpringBootTestContextBootstrapper -- Found @SpringBootConfiguration com.algaworks.algacomments.device.moderation.CommentsServiceApplication for test class com.algaworks.algacomments.device.moderation.CommentsServiceApplicationTests

  .   ____          _            __ _ _
 /\\ / ___'_ __ _ _(_)_ __  __ _ \ \ \ \
( ( )\___ | '_ | '_| | '_ \/ _` | \ \ \ \
 \\/  ___)| |_)| | | | | || (_| |  ) ) ) )
  '  |____| .__|_| |_|_| |_\__, | / / / /
 =========|_|==============|___/=/_/_/_/

 :: Spring Boot ::                (v3.5.0)

2025-06-18T18:21:50.693-03:00  INFO 823959 --- [comments-service] [    Test worker] .a.a.d.m.CommentsServiceApplicationTests : Starting CommentsServiceApplicationTests using Java 21.0.7 with PID 823959 (started by efraim in /home/efraim/Desenvolvimento/GIT/Especialista - Microserviços/Algaworks/ems-algaworks-comments/microservices/comments-service)
2025-06-18T18:21:50.694-03:00  INFO 823959 --- [comments-service] [    Test worker] .a.a.d.m.CommentsServiceApplicationTests : No active profile set, falling back to 1 default profile: "default"
2025-06-18T18:21:51.127-03:00  INFO 823959 --- [comments-service] [    Test worker] .s.d.r.c.RepositoryConfigurationDelegate : Bootstrapping Spring Data JPA repositories in DEFAULT mode.
2025-06-18T18:21:51.165-03:00  INFO 823959 --- [comments-service] [    Test worker] .s.d.r.c.RepositoryConfigurationDelegate : Finished Spring Data repository scanning in 32 ms. Found 1 JPA repository interface.
2025-06-18T18:21:51.440-03:00  INFO 823959 --- [comments-service] [    Test worker] com.zaxxer.hikari.HikariDataSource       : HikariPool-1 - Starting...
2025-06-18T18:21:51.564-03:00  INFO 823959 --- [comments-service] [    Test worker] com.zaxxer.hikari.pool.HikariPool        : HikariPool-1 - Added connection conn0: url=jdbc:h2:mem:e2ff772e-a8ce-4902-a9bc-99492af8053d user=SA
2025-06-18T18:21:51.565-03:00  INFO 823959 --- [comments-service] [    Test worker] com.zaxxer.hikari.HikariDataSource       : HikariPool-1 - Start completed.
2025-06-18T18:21:51.593-03:00  INFO 823959 --- [comments-service] [    Test worker] o.hibernate.jpa.internal.util.LogHelper  : HHH000204: Processing PersistenceUnitInfo [name: default]
2025-06-18T18:21:51.621-03:00  INFO 823959 --- [comments-service] [    Test worker] org.hibernate.Version                    : HHH000412: Hibernate ORM core version 6.6.15.Final
2025-06-18T18:21:51.641-03:00  INFO 823959 --- [comments-service] [    Test worker] o.h.c.internal.RegionFactoryInitiator    : HHH000026: Second-level cache disabled
2025-06-18T18:21:51.812-03:00  INFO 823959 --- [comments-service] [    Test worker] o.s.o.j.p.SpringPersistenceUnitInfo      : No LoadTimeWeaver setup: ignoring JPA class transformer
2025-06-18T18:21:51.859-03:00  INFO 823959 --- [comments-service] [    Test worker] org.hibernate.orm.connections.pooling    : HHH10001005: Database info:
	Database JDBC URL [Connecting through datasource 'HikariDataSource (HikariPool-1)']
	Database driver: undefined/unknown
	Database version: 2.3.232
	Autocommit mode: undefined/unknown
	Isolation level: undefined/unknown
	Minimum pool size: undefined/unknown
	Maximum pool size: undefined/unknown
2025-06-18T18:21:52.368-03:00  INFO 823959 --- [comments-service] [    Test worker] o.h.e.t.j.p.i.JtaPlatformInitiator       : HHH000489: No JTA platform available (set 'hibernate.transaction.jta.platform' to enable JTA platform integration)
2025-06-18T18:21:52.388-03:00  INFO 823959 --- [comments-service] [    Test worker] j.LocalContainerEntityManagerFactoryBean : Initialized JPA EntityManagerFactory for persistence unit 'default'
2025-06-18T18:21:52.823-03:00  WARN 823959 --- [comments-service] [    Test worker] JpaBaseConfiguration$JpaWebConfiguration : spring.jpa.open-in-view is enabled by default. Therefore, database queries may be performed during view rendering. Explicitly configure spring.jpa.open-in-view to disable this warning
2025-06-18T18:21:53.540-03:00  INFO 823959 --- [comments-service] [    Test worker] .a.a.d.m.CommentsServiceApplicationTests : Started CommentsServiceApplicationTests in 3.146 seconds (process running for 4.142)
]]></system-out>
  <system-err><![CDATA[Mockito is currently self-attaching to enable the inline-mock-maker. This will no longer work in future releases of the JDK. Please add Mockito as an agent to your build as described in Mockito's documentation: https://javadoc.io/doc/org.mockito/mockito-core/latest/org.mockito/org/mockito/Mockito.html#0.3
WARNING: A Java agent has been loaded dynamically (/home/efraim/.gradle/caches/modules-2/files-2.1/net.bytebuddy/byte-buddy-agent/1.17.5/58f9507f5f28d1d3e7adfb4ec2fe37c29d332c9b/byte-buddy-agent-1.17.5.jar)
WARNING: If a serviceability tool is in use, please run with -XX:+EnableDynamicAgentLoading to hide this warning
WARNING: If a serviceability tool is not in use, please run with -Djdk.instrument.traceUsage for more information
WARNING: Dynamic loading of agents will be disallowed by default in a future release
]]></system-err>
</testsuite>
