<?xml version="1.0" encoding="UTF-8"?>
<testsuite name="com.algaworks.algasensors.device.management.DeviceManagementApplicationTests" tests="1" skipped="0" failures="0" errors="0" timestamp="2025-06-13T16:58:55.872Z" hostname="efratec" time="0.569">
  <properties/>
  <testcase name="contextLoads()" classname="com.algaworks.algasensors.device.management.DeviceManagementApplicationTests" time="0.569"/>
  <system-out><![CDATA[13:58:52.395 [Test worker] INFO org.springframework.test.context.support.AnnotationConfigContextLoaderUtils -- Could not detect default configuration classes for test class [com.algaworks.algasensors.device.management.DeviceManagementApplicationTests]: DeviceManagementApplicationTests does not declare any static, non-private, non-final, nested classes annotated with @Configuration.
13:58:52.481 [Test worker] INFO org.springframework.boot.test.context.SpringBootTestContextBootstrapper -- Found @SpringBootConfiguration com.algaworks.algasensors.device.management.DeviceManagementApplication for test class com.algaworks.algasensors.device.management.DeviceManagementApplicationTests

  .   ____          _            __ _ _
 /\\ / ___'_ __ _ _(_)_ __  __ _ \ \ \ \
( ( )\___ | '_ | '_| | '_ \/ _` | \ \ \ \
 \\/  ___)| |_)| | | | | || (_| |  ) ) ) )
  '  |____| .__|_| |_|_| |_\__, | / / / /
 =========|_|==============|___/=/_/_/_/

 :: Spring Boot ::                (v3.5.0)

2025-06-13T13:58:52.892-03:00  INFO 704946 --- [device-management] [    Test worker] a.a.d.m.DeviceManagementApplicationTests : Starting DeviceManagementApplicationTests using Java 21.0.7 with PID 704946 (started by efraim in /home/efraim/Desenvolvimento/GIT/Especialista - Microserviços/Algaworks/algaworks-microservice/microservices/device-management)
2025-06-13T13:58:52.893-03:00  INFO 704946 --- [device-management] [    Test worker] a.a.d.m.DeviceManagementApplicationTests : No active profile set, falling back to 1 default profile: "default"
2025-06-13T13:58:53.429-03:00  INFO 704946 --- [device-management] [    Test worker] .s.d.r.c.RepositoryConfigurationDelegate : Bootstrapping Spring Data JPA repositories in DEFAULT mode.
2025-06-13T13:58:53.479-03:00  INFO 704946 --- [device-management] [    Test worker] .s.d.r.c.RepositoryConfigurationDelegate : Finished Spring Data repository scanning in 43 ms. Found 1 JPA repository interface.
2025-06-13T13:58:53.867-03:00  INFO 704946 --- [device-management] [    Test worker] o.hibernate.jpa.internal.util.LogHelper  : HHH000204: Processing PersistenceUnitInfo [name: default]
2025-06-13T13:58:53.916-03:00  INFO 704946 --- [device-management] [    Test worker] org.hibernate.Version                    : HHH000412: Hibernate ORM core version 6.6.15.Final
2025-06-13T13:58:53.946-03:00  INFO 704946 --- [device-management] [    Test worker] o.h.c.internal.RegionFactoryInitiator    : HHH000026: Second-level cache disabled
2025-06-13T13:58:54.153-03:00  INFO 704946 --- [device-management] [    Test worker] o.s.o.j.p.SpringPersistenceUnitInfo      : No LoadTimeWeaver setup: ignoring JPA class transformer
2025-06-13T13:58:54.177-03:00  INFO 704946 --- [device-management] [    Test worker] com.zaxxer.hikari.HikariDataSource       : HikariPool-1 - Starting...
2025-06-13T13:58:54.338-03:00  INFO 704946 --- [device-management] [    Test worker] com.zaxxer.hikari.pool.HikariPool        : HikariPool-1 - Added connection conn0: url=jdbc:h2:file:~/algasensors-device-management-db user=SA
2025-06-13T13:58:54.340-03:00  INFO 704946 --- [device-management] [    Test worker] com.zaxxer.hikari.HikariDataSource       : HikariPool-1 - Start completed.
2025-06-13T13:58:54.358-03:00  WARN 704946 --- [device-management] [    Test worker] org.hibernate.orm.deprecation            : HHH90000025: H2Dialect does not need to be specified explicitly using 'hibernate.dialect' (remove the property setting and it will be selected by default)
2025-06-13T13:58:54.374-03:00  INFO 704946 --- [device-management] [    Test worker] org.hibernate.orm.connections.pooling    : HHH10001005: Database info:
	Database JDBC URL [Connecting through datasource 'HikariDataSource (HikariPool-1)']
	Database driver: undefined/unknown
	Database version: 2.3.232
	Autocommit mode: undefined/unknown
	Isolation level: undefined/unknown
	Minimum pool size: undefined/unknown
	Maximum pool size: undefined/unknown
2025-06-13T13:58:54.996-03:00  INFO 704946 --- [device-management] [    Test worker] o.h.e.t.j.p.i.JtaPlatformInitiator       : HHH000489: No JTA platform available (set 'hibernate.transaction.jta.platform' to enable JTA platform integration)
2025-06-13T13:58:55.028-03:00  INFO 704946 --- [device-management] [    Test worker] j.LocalContainerEntityManagerFactoryBean : Initialized JPA EntityManagerFactory for persistence unit 'default'
2025-06-13T13:58:55.548-03:00  WARN 704946 --- [device-management] [    Test worker] JpaBaseConfiguration$JpaWebConfiguration : spring.jpa.open-in-view is enabled by default. Therefore, database queries may be performed during view rendering. Explicitly configure spring.jpa.open-in-view to disable this warning
2025-06-13T13:58:55.813-03:00  INFO 704946 --- [device-management] [    Test worker] o.s.b.a.h2.H2ConsoleAutoConfiguration    : H2 console available at '/h2-console'. Database available at 'jdbc:h2:file:~/algasensors-device-management-db'
2025-06-13T13:58:55.860-03:00  INFO 704946 --- [device-management] [    Test worker] a.a.d.m.DeviceManagementApplicationTests : Started DeviceManagementApplicationTests in 3.252 seconds (process running for 4.12)
]]></system-out>
  <system-err><![CDATA[Mockito is currently self-attaching to enable the inline-mock-maker. This will no longer work in future releases of the JDK. Please add Mockito as an agent to your build as described in Mockito's documentation: https://javadoc.io/doc/org.mockito/mockito-core/latest/org.mockito/org/mockito/Mockito.html#0.3
WARNING: A Java agent has been loaded dynamically (/home/efraim/.gradle/caches/modules-2/files-2.1/net.bytebuddy/byte-buddy-agent/1.17.5/58f9507f5f28d1d3e7adfb4ec2fe37c29d332c9b/byte-buddy-agent-1.17.5.jar)
WARNING: If a serviceability tool is in use, please run with -XX:+EnableDynamicAgentLoading to hide this warning
WARNING: If a serviceability tool is not in use, please run with -Djdk.instrument.traceUsage for more information
WARNING: Dynamic loading of agents will be disallowed by default in a future release
]]></system-err>
</testsuite>
